[22:22:18] [ServerMain/INFO]: Environment: Environment[sessionHost=https://sessionserver.mojang.com, servicesHost=https://api.minecraftservices.com, name=PROD]
[22:22:20] [ServerMain/INFO]: Loaded 1373 recipes
[22:22:20] [ServerMain/INFO]: Loaded 1484 advancements
[22:22:20] [Server thread/INFO]: Starting minecraft server version 1.21.5
[22:22:20] [Server thread/INFO]: Loading properties
[22:22:20] [Server thread/INFO]: Default game type: SURVIVAL
[22:22:20] [Server thread/INFO]: Generating keypair
[22:22:20] [Server thread/INFO]: Starting Minecraft server on *:25565
[22:22:20] [Server thread/INFO]: Using epoll channel type
[22:22:20] [Server thread/WARN]: **** SERVER IS RUNNING IN OFFLINE/INSECURE MODE!
[22:22:20] [Server thread/WARN]: The server will make no attempt to authenticate usernames. Beware.
[22:22:20] [Server thread/WARN]: While this makes the game possible to play without internet access, it also opens up the ability for hackers to connect with any username they choose.
[22:22:20] [Server thread/WARN]: To change this, set "online-mode" to "true" in the server.properties file.
[22:22:20] [Server thread/INFO]: Preparing level "world"
[22:22:20] [Server thread/INFO]: Preparing start region for dimension minecraft:overworld
[22:22:23] [Worker-Main-2/INFO]: Preparing spawn area: 0%
[22:22:23] [Worker-Main-2/INFO]: Preparing spawn area: 0%
[22:22:23] [Worker-Main-2/INFO]: Preparing spawn area: 0%
[22:22:23] [Worker-Main-2/INFO]: Preparing spawn area: 0%
[22:22:23] [Worker-Main-2/INFO]: Preparing spawn area: 0%
[22:22:23] [Worker-Main-2/INFO]: Preparing spawn area: 0%
[22:22:23] [Server thread/INFO]: Time elapsed: 2889 ms
[22:22:23] [Server thread/INFO]: Done (3.238s)! For help, type "help"
[22:23:23] [Server thread/INFO]: Server empty for 60 seconds, pausing
[22:23:25] [Server thread/INFO]: com.mojang.authlib.GameProfile@71f76940[id=087107a7-63ea-3559-bf20-6d9b3b925433,name=UrtryBlade,properties={}] lost connection: Disconnected
[22:23:32] [Server thread/INFO]: UrtryBlade[/127.234.186.17:44103] logged in with entity id 116 at (-188.01481932008556, 69.0, -221.17022932285013)
[22:23:32] [Server thread/INFO]: UrtryBlade joined the game
[22:23:43] [Server thread/INFO]: UrtryBlade lost connection: Disconnected
[22:23:43] [Server thread/INFO]: UrtryBlade left the game
[22:24:43] [Server thread/INFO]: Server empty for 60 seconds, pausing
